<?xml version="1.0" encoding="UTF-8"?>
<!-- Generated by org.testng.reporters.JUnitReportReporter -->
<testsuite skipped="0" hostname="SHUBHMAN01" name="com.tests.Test6" tests="1" failures="0" timestamp="20 Oct 2019 17:49:10 GMT" time="29.249" errors="0">
  <testcase name="validation" time="29.249" classname="com.tests.Test6"/>
</testsuite> <!-- com.tests.Test6 -->
